WARNING:root:added object widgets/Mary Matthews/97a457de-8046-4c0c-bd4e-b27c464771d7 to S3 bucket
WARNING:root:added object widgets/Henry Hops/b73318be-8653-4918-b22a-c6cfbdcec0ce to S3 bucket
WARNING:root:added object widgets/Henry Hops/dba4d768-8889-4635-9713-3d47b3fe1894 to S3 bucket
WARNING:root:added object widgets/Henry Hops/34525da5-7acf-4a39-bfeb-c0cf775f4598 to S3 bucket
WARNING:root:added object widgets/Sue Smith/13602ee8-ad37-434e-b581-50aad0bb5ca7 to S3 bucket
WARNING:root:added object widgets/John Jones/7f351466-211e-4df3-ae9f-84e2d0b3b501 to S3 bucket
WARNING:root:added object widgets/John Jones/df6b6659-ce30-4d1e-a4ed-90cb0de312fe to S3 bucket
WARNING:root:added object widgets/John Jones/37bbba16-74d5-4d7d-bb80-dfdffd432f9b to S3 bucket
WARNING:root:added object widgets/Mary Matthews/aae08745-650c-4b60-b00d-9f842d2bd61f to S3 bucket
WARNING:root:added object widgets/John Jones/821c29b3-604c-4e08-83ef-92c900ba9a9b to S3 bucket
WARNING:root:added object widgets/John Jones/22e0569f-09f7-4304-92b2-19e784837cb0 to S3 bucket
WARNING:root:added object widgets/Sue Smith/ceb0dd92-2c64-467c-b4d0-ee8d576d08f6 to S3 bucket
WARNING:root:added object widgets/Henry Hops/c9f9841b-e04e-44fd-aaca-3d306c7e5791 to S3 bucket
WARNING:root:added object widgets/Henry Hops/6ed45dad-f2fb-4c3c-b6a5-68418d0d10de to S3 bucket
WARNING:root:added object widgets/Henry Hops/6849a629-1791-4972-9faf-2543a2562081 to S3 bucket
WARNING:root:added object widgets/Sue Smith/e3e0c276-e6f5-4521-b2bd-f5a923ee355b to S3 bucket
WARNING:root:added object widgets/John Jones/90763c23-e4ab-4151-8f69-59ec4bd0fb6a to S3 bucket
WARNING:root:added object widgets/Sue Smith/28f9e4df-3b4a-42bd-a548-8a4a35b10ab8 to S3 bucket
WARNING:root:added object widgets/Mary Matthews/1e9a4917-f43f-46e6-aaf0-db33a32c0b46 to S3 bucket
WARNING:root:added object widgets/Sue Smith/a3d40e7e-624b-4ee4-962b-6b72e1d71b6f to S3 bucket
WARNING:root:added object widgets/Sue Smith/f11da2d7-4ab7-4416-911d-16315478b0e5 to S3 bucket
WARNING:root:added object widgets/Mary Matthews/97a457de-8046-4c0c-bd4e-b27c464771d7 to S3 bucket
INFO:botocore.credentials:Found credentials in shared credentials file: ~/.aws/credentials
